<?xml version="1.0" encoding="UTF-8"?>
<testng-results ignored="0" total="1" passed="1" failed="0" skipped="0">
  <reporter-output>
  </reporter-output>
  <suite started-at="2023-07-22T10:47:39 CST" name="Default suite" finished-at="2023-07-22T10:47:52 CST" duration-ms="13529">
    <groups>
    </groups>
    <test started-at="2023-07-22T10:47:39 CST" name="Default test" finished-at="2023-07-22T10:47:52 CST" duration-ms="13529">
      <class name="prueba.NewTest">
        <test-method signature="f()[pri:0, instance:prueba.NewTest@942a29c]" started-at="2023-07-22T10:47:39 CST" name="f" finished-at="2023-07-22T10:47:52 CST" duration-ms="13337" status="PASS">
          <reporter-output>
          </reporter-output>
        </test-method> <!-- f -->
      </class> <!-- prueba.NewTest -->
    </test> <!-- Default test -->
  </suite> <!-- Default suite -->
</testng-results>
